\BOOKMARK [1][]{section.1}{\376\377\000S\000u\000p\000p\000l\000e\000m\000e\000n\000t\000a\000r\000y\000\040\000F\000i\000g\000u\000r\000e\000s}{}% 1
\BOOKMARK [1][]{section.2}{\376\377\000S\000u\000p\000p\000l\000e\000m\000e\000n\000t\000a\000r\000y\000\040\000T\000a\000b\000l\000e\000s}{}% 2
\BOOKMARK [1][]{section.3}{\376\377\000S\000u\000p\000p\000l\000e\000m\000e\000n\000t\000a\000r\000y\000\040\000M\000e\000t\000h\000o\000d\000s}{}% 3
\BOOKMARK [2][]{subsection.3.1}{\376\377\000D\000e\000t\000a\000i\000l\000e\000d\000\040\000A\000l\000g\000o\000r\000i\000t\000h\000m\000i\000c\000\040\000I\000m\000p\000l\000e\000m\000e\000n\000t\000a\000t\000i\000o\000n}{section.3}% 4
\BOOKMARK [3][]{subsubsection.3.1.1}{\376\377\000C\000N\000V\000\040\000a\000n\000d\000\040\000B\000F\000B\000\040\000I\000n\000t\000e\000r\000v\000a\000l\000\040\000D\000e\000t\000e\000c\000t\000i\000o\000n\000\040\000P\000a\000r\000a\000m\000e\000t\000e\000r\000s}{subsection.3.1}% 5
\BOOKMARK [3][]{subsubsection.3.1.2}{\376\377\000L\000O\000H\000\040\000D\000e\000t\000e\000c\000t\000i\000o\000n\000\040\000T\000h\000r\000e\000s\000h\000o\000l\000d\000s}{subsection.3.1}% 6
\BOOKMARK [2][]{subsection.3.2}{\376\377\000P\000e\000r\000f\000o\000r\000m\000a\000n\000c\000e\000\040\000B\000e\000n\000c\000h\000m\000a\000r\000k\000i\000n\000g\000\040\000D\000e\000t\000a\000i\000l\000s}{section.3}% 7
\BOOKMARK [3][]{subsubsection.3.2.1}{\376\377\000C\000o\000m\000p\000u\000t\000a\000t\000i\000o\000n\000a\000l\000\040\000R\000e\000s\000o\000u\000r\000c\000e\000s}{subsection.3.2}% 8
\BOOKMARK [3][]{subsubsection.3.2.2}{\376\377\000S\000t\000a\000t\000i\000s\000t\000i\000c\000a\000l\000\040\000V\000a\000l\000i\000d\000a\000t\000i\000o\000n\000\040\000M\000e\000t\000h\000o\000d\000s}{subsection.3.2}% 9
\BOOKMARK [1][]{section.4}{\376\377\000S\000u\000p\000p\000l\000e\000m\000e\000n\000t\000a\000r\000y\000\040\000R\000e\000s\000u\000l\000t\000s}{}% 10
\BOOKMARK [2][]{subsection.4.1}{\376\377\000E\000x\000t\000e\000n\000d\000e\000d\000\040\000P\000e\000r\000f\000o\000r\000m\000a\000n\000c\000e\000\040\000M\000e\000t\000r\000i\000c\000s}{section.4}% 11
\BOOKMARK [3][]{subsubsection.4.1.1}{\376\377\000P\000h\000a\000s\000i\000n\000g\000\040\000C\000o\000m\000p\000l\000e\000t\000e\000n\000e\000s\000s\000\040\000A\000c\000r\000o\000s\000s\000\040\000C\000h\000r\000o\000m\000o\000s\000o\000m\000e\000s}{subsection.4.1}% 12
\BOOKMARK [3][]{subsubsection.4.1.2}{\376\377\000L\000O\000H\000\040\000D\000e\000t\000e\000c\000t\000i\000o\000n\000\040\000S\000e\000n\000s\000i\000t\000i\000v\000i\000t\000y\000\040\000A\000n\000a\000l\000y\000s\000i\000s}{subsection.4.1}% 13
\BOOKMARK [2][]{subsection.4.2}{\376\377\000A\000d\000d\000i\000t\000i\000o\000n\000a\000l\000\040\000V\000a\000l\000i\000d\000a\000t\000i\000o\000n\000\040\000S\000t\000u\000d\000i\000e\000s}{section.4}% 14
\BOOKMARK [3][]{subsubsection.4.2.1}{\376\377\000C\000r\000o\000s\000s\000-\000P\000l\000a\000t\000f\000o\000r\000m\000\040\000V\000a\000l\000i\000d\000a\000t\000i\000o\000n}{subsection.4.2}% 15
\BOOKMARK [3][]{subsubsection.4.2.2}{\376\377\000C\000l\000i\000n\000i\000c\000a\000l\000\040\000S\000a\000m\000p\000l\000e\000\040\000V\000a\000l\000i\000d\000a\000t\000i\000o\000n}{subsection.4.2}% 16
\BOOKMARK [1][]{section.5}{\376\377\000S\000u\000p\000p\000l\000e\000m\000e\000n\000t\000a\000r\000y\000\040\000D\000i\000s\000c\000u\000s\000s\000i\000o\000n}{}% 17
\BOOKMARK [2][]{subsection.5.1}{\376\377\000L\000i\000m\000i\000t\000a\000t\000i\000o\000n\000s\000\040\000a\000n\000d\000\040\000F\000u\000t\000u\000r\000e\000\040\000D\000i\000r\000e\000c\000t\000i\000o\000n\000s}{section.5}% 18
\BOOKMARK [3][]{subsubsection.5.1.1}{\376\377\000C\000u\000r\000r\000e\000n\000t\000\040\000L\000i\000m\000i\000t\000a\000t\000i\000o\000n\000s}{subsection.5.1}% 19
\BOOKMARK [3][]{subsubsection.5.1.2}{\376\377\000F\000u\000t\000u\000r\000e\000\040\000E\000n\000h\000a\000n\000c\000e\000m\000e\000n\000t\000s}{subsection.5.1}% 20
\BOOKMARK [2][]{subsection.5.2}{\376\377\000R\000e\000p\000r\000o\000d\000u\000c\000i\000b\000i\000l\000i\000t\000y\000\040\000a\000n\000d\000\040\000D\000a\000t\000a\000\040\000A\000v\000a\000i\000l\000a\000b\000i\000l\000i\000t\000y}{section.5}% 21
\BOOKMARK [3][]{subsubsection.5.2.1}{\376\377\000S\000o\000f\000t\000w\000a\000r\000e\000\040\000A\000v\000a\000i\000l\000a\000b\000i\000l\000i\000t\000y}{subsection.5.2}% 22
\BOOKMARK [3][]{subsubsection.5.2.2}{\376\377\000D\000a\000t\000a\000\040\000S\000h\000a\000r\000i\000n\000g}{subsection.5.2}% 23
